[ 2012-12-03T00:11:09+08:00 ] ERR: (ThinkException) 非法操作:onsse
[ 2012-12-03T00:11:29+08:00 ] ERR: (ThinkException) 非法操作:onsse
[ 2012-12-03T00:11:33+08:00 ] ERR: (ThinkException) 非法操作:onsse
[ 2012-12-03T00:14:11+08:00 ] ERR: (ThinkException) 非法操作:onsse
[ 2012-12-03T00:25:52+08:00 ] ERR: (ThinkException) Unknown column '' in 'field list'
 [ SQL语句 ] : UPDATE `t_tags` SET ``=null WHERE ( `id` = null ) AND ( `user_id` = '1' )
[ 2012-12-03T00:27:14+08:00 ] ERR: (ThinkException) Unknown column '' in 'field list'
 [ SQL语句 ] : UPDATE `t_tags` SET ``=null WHERE ( `id` = null ) AND ( `user_id` = '1' )
[ 2012-12-03T00:28:08+08:00 ] ERR: (ThinkException) Unknown column '' in 'field list'
 [ SQL语句 ] : UPDATE `t_tags` SET ``=null WHERE ( `id` = null ) AND ( `user_id` = '1' )
[ 2012-12-03T00:29:38+08:00 ] ERR: (ThinkException) Unknown column '' in 'field list'
 [ SQL语句 ] : UPDATE `t_tags` SET ``=null WHERE ( `id` = null ) AND ( `user_id` = '1' )
[ 2012-12-03T00:30:38+08:00 ] ERR: (ThinkException) Unknown column '' in 'field list'
 [ SQL语句 ] : UPDATE `t_tags` SET ``=null WHERE ( `id` = null ) AND ( `user_id` = '1' )
[ 2012-12-03T00:35:14+08:00 ] ERR: (ThinkException) Unknown column '' in 'field list'
 [ SQL语句 ] : UPDATE `t_tags` SET ``=null WHERE ( `id` = null ) AND ( `user_id` = '1' )
[ 2012-12-03T00:36:44+08:00 ] ERR: (ThinkException) Unknown column '' in 'field list'
 [ SQL语句 ] : UPDATE `t_tags` SET ``=null WHERE ( `id` = null ) AND ( `user_id` = '1' )
[ 2012-12-03T00:37:37+08:00 ] ERR: (ThinkException) Unknown column '' in 'field list'
 [ SQL语句 ] : UPDATE `t_tags` SET ``=null WHERE ( `id` = null ) AND ( `user_id` = '1' )
[ 2012-12-03T00:39:13+08:00 ] ERR: (ThinkException) Unknown column '' in 'field list'
 [ SQL语句 ] : UPDATE `t_tags` SET ``=null WHERE ( `id` = null ) AND ( `user_id` = '1' )
[ 2012-12-03T00:49:19+08:00 ] ERR: [1] Function name must be a string G:\sikcc\todo\Lib\Api\Action\ModifyAction.class.php 第 68 行.
[ 2012-12-03T00:52:17+08:00 ] ERR: (ThinkException) You have an error in your SQL syntax; check the manual that corresponds to your MySQL server version for the right syntax to use near ''color'='\'#EEEEEf\'' WHERE ( `id` = '\'1\'' ) AND ( `user_id` = '\'1\'' )' at line 1
 [ SQL语句 ] : UPDATE `t_tags` SET 'color'='\'#EEEEEf\'' WHERE ( `id` = '\'1\'' ) AND ( `user_id` = '\'1\'' )
